 Thread           1  of           2
 Thread           2  of           2
 after setup
           1           2           1           2
           2           4           4           4
           3           6           9           8
           4           8          16          14
           5          10          25          22
           6          12          36          32
 after test1
           1           4           1           2
           2           9           4           4
           3          16           9           6
           4          25          16           8
           5          36          25          10
           6          12          36          12
 test1 time:    3.3380001696059480E-006 seconds
 after test2
           1           4           1           2
           2           9           4           4
           3          16           9           8
           4          14          16          14
           5          36          25          22
           6          32          36          32
 test2 time:    3.0850001166982111E-006 seconds
 after test3
           1           2           1           2
           2           4           2           4
           3           8           4           8
           4          14           8          14
           5          22           8          22
           6          32          22          32
 test3 time:    2.6550001166469883E-006 seconds
 total time:    9.0780004029511474E-006 seconds
