 Thread           1  of           1
 after setup
           1           2           1           2
           2           4           4           4
           3           6           9           8
           4           8          16          14
           5          10          25          22
           6          12          36          32
 after test1
           1           4           1           2
           2           9           4           4
           3          16           9           6
           4          25          16           8
           5          36          25          10
           6          12          36          12
 test1 time:    3.4050003705488052E-006 seconds
 after test2
           1           4           1           2
           2           9           4           4
           3          16           9           8
           4          25          16          14
           5          36          25          22
           6          32          36          32
 test2 time:    2.6500001695239916E-006 seconds
 after test3
           1           2           1           2
           2           4           2           4
           3           8           4           8
           4          14           8          14
           5          22          14          22
           6          32          22          32
 test3 time:    2.4729997676331550E-006 seconds
 total time:    8.5280003077059519E-006 seconds
