 Thread           1  of           4
 Thread           3  of           4
 Thread           4  of           4
 Thread           2  of           4
 after setup
           1           2           1           2
           2           4           4           4
           3           6           9           8
           4           8          16          14
           5          10          25          22
           6          12          36          32
 after test1
           1           4           1           2
           2           9           4           4
           3          16           9           6
           4          25          16           8
           5          36          25          10
           6          12          36          12
 test1 time:    3.9609999475942459E-006 seconds
 after test2
           1           4           1           2
           2           9           4           4
           3           8           9           8
           4          25          16          14
           5          36          25          22
           6          32          36          32
 test2 time:    2.7129999580211006E-006 seconds
 after test3
           1           2           1           2
           2           4           2           4
           3           8           4           8
           4          14           6          14
           5          22           8          22
           6          32          10          32
 test3 time:    2.4529999791411683E-006 seconds
 total time:    9.1269998847565148E-006 seconds
